2025-08-27 23:54:03,167 - xlsindy.symbolic_util - INFO - need to pick 85 more component
2025-08-27 23:54:03,169 - xlsindy.simulation - INFO - Starting mixed regression process...
2025-08-27 23:54:03,452 - xlsindy.simulation - INFO - activated_function : (1, 94)
2025-08-27 23:54:03,453 - xlsindy.simulation - INFO - activated_coordinate : (2, 1)
2025-08-27 23:54:03,453 - xlsindy.simulation - INFO - external_forces : (2000, 2)
2025-08-27 23:54:03,453 - xlsindy.simulation - INFO - acceleration_values : (2000, 2)
2025-08-27 23:54:03,453 - xlsindy.simulation - INFO -  2 coordinates activated by the external forces and function interlink : 
 [1 1]
2025-08-27 23:54:03,453 - xlsindy.simulation - INFO - Performing explicit regression on the activated coordinates...
2025-08-27 23:54:03,802 - xlsindy.simulation - INFO -  2 coordinates activated by the explicit regression this is a 0 change from the first detection : 
 [1 1]
2025-08-27 23:54:03,802 - xlsindy.simulation - INFO - Mixed regression process completed successfully.
2025-08-27 23:55:22,769 - xlsindy.symbolic_util - INFO - need to pick 85 more component
2025-08-27 23:55:22,770 - xlsindy.simulation - INFO - Starting mixed regression process...
2025-08-27 23:55:23,059 - xlsindy.simulation - INFO - activated_function : (1, 94)
2025-08-27 23:55:23,059 - xlsindy.simulation - INFO - activated_coordinate : (2, 1)
2025-08-27 23:55:23,059 - xlsindy.simulation - INFO - external_forces : (2000, 2)
2025-08-27 23:55:23,059 - xlsindy.simulation - INFO - acceleration_values : (2000, 2)
2025-08-27 23:55:23,059 - xlsindy.simulation - INFO -  2 coordinates activated by the external forces and function interlink : 
 [1 1]
2025-08-27 23:55:23,059 - xlsindy.simulation - INFO - Performing explicit regression on the activated coordinates...
2025-08-27 23:55:23,375 - xlsindy.simulation - INFO -  2 coordinates activated by the explicit regression this is a 0 change from the first detection : 
 [1 1]
2025-08-27 23:55:23,376 - xlsindy.simulation - INFO - Mixed regression process completed successfully.
2025-08-27 23:56:04,112 - xlsindy.symbolic_util - INFO - need to pick 85 more component
2025-08-27 23:56:04,113 - xlsindy.simulation - INFO - Starting mixed regression process...
2025-08-27 23:56:04,399 - xlsindy.simulation - INFO - activated_function : (1, 94)
2025-08-27 23:56:04,399 - xlsindy.simulation - INFO - activated_coordinate : (2, 1)
2025-08-27 23:56:04,399 - xlsindy.simulation - INFO - external_forces : (2000, 2)
2025-08-27 23:56:04,399 - xlsindy.simulation - INFO - acceleration_values : (2000, 2)
2025-08-27 23:56:04,399 - xlsindy.simulation - INFO -  1 coordinates activated by the external forces and function interlink : 
 [0 1]
2025-08-27 23:56:04,399 - xlsindy.simulation - INFO - Performing explicit regression on the activated coordinates...
2025-08-27 23:56:04,541 - xlsindy.simulation - INFO -  1 coordinates activated by the explicit regression this is a 0 change from the first detection : 
 [0 1]
2025-08-27 23:56:04,541 - xlsindy.simulation - INFO - Performing implicit regression on the remaining coordinates...
2025-08-27 23:56:15,132 - xlsindy.simulation - INFO - Group 0, weight 0.64: [np.int64(0), np.int64(1), np.int64(2), np.int64(3)]
2025-08-27 23:56:15,134 - xlsindy.simulation - INFO - Mixed regression process completed successfully.
2025-08-27 23:56:15,362 - jax._src.xla_bridge - INFO - Unable to initialize backend 'tpu': INTERNAL: Failed to open libtpu.so: libtpu.so: cannot open shared object file: No such file or directory
2025-08-27 23:56:19,057 - __main__ - INFO - Theorical initialized
2025-08-27 23:56:19,818 - __main__ - INFO - Theorical simulation done
2025-08-27 23:56:19,822 - __main__ - INFO - Theorical initialized
2025-08-27 23:56:20,569 - __main__ - INFO - Theorical simulation done
2025-08-27 23:56:20,572 - __main__ - INFO - Theorical initialized
2025-08-27 23:56:21,320 - __main__ - INFO - Theorical simulation done
2025-08-27 23:56:21,323 - __main__ - INFO - Theorical initialized
2025-08-27 23:56:22,073 - __main__ - INFO - Theorical simulation done
2025-08-27 23:56:22,077 - __main__ - INFO - Theorical initialized
2025-08-27 23:56:22,831 - __main__ - INFO - Theorical simulation done
2025-08-27 23:56:22,835 - __main__ - INFO - Theorical initialized
2025-08-27 23:56:23,588 - __main__ - INFO - Theorical simulation done
2025-08-27 23:56:23,592 - __main__ - INFO - Theorical initialized
2025-08-27 23:56:24,344 - __main__ - INFO - Theorical simulation done
2025-08-27 23:56:24,348 - __main__ - INFO - Theorical initialized
2025-08-27 23:56:25,094 - __main__ - INFO - Theorical simulation done
2025-08-27 23:56:25,097 - __main__ - INFO - Theorical initialized
2025-08-27 23:56:25,845 - __main__ - INFO - Theorical simulation done
2025-08-27 23:56:25,849 - __main__ - INFO - Theorical initialized
2025-08-27 23:56:26,600 - __main__ - INFO - Theorical simulation done
2025-08-28 10:36:10,832 - xlsindy.simulation - INFO - Starting mixed regression process...
2025-08-28 10:36:12,144 - xlsindy.simulation - INFO - activated_function : (1, 94)
2025-08-28 10:36:12,144 - xlsindy.simulation - INFO - activated_coordinate : (2, 1)
2025-08-28 10:36:12,144 - xlsindy.simulation - INFO - external_forces : (2000, 2)
2025-08-28 10:36:12,144 - xlsindy.simulation - INFO - acceleration_values : (2000, 2)
2025-08-28 10:36:12,144 - xlsindy.simulation - INFO -  2 coordinates activated by the external forces and function interlink : 
 [1 1]
2025-08-28 10:36:12,144 - xlsindy.simulation - INFO - Performing explicit regression on the activated coordinates...
2025-08-28 10:36:12,354 - xlsindy.simulation - INFO -  2 coordinates activated by the explicit regression this is a 0 change from the first detection : 
 [1 1]
2025-08-28 10:36:12,354 - xlsindy.simulation - INFO - Mixed regression process completed successfully.
2025-08-28 10:36:55,164 - xlsindy.simulation - INFO - Starting mixed regression process...
2025-08-28 10:36:56,452 - xlsindy.simulation - INFO - activated_function : (1, 94)
2025-08-28 10:36:56,453 - xlsindy.simulation - INFO - activated_coordinate : (2, 1)
2025-08-28 10:36:56,453 - xlsindy.simulation - INFO - external_forces : (2000, 2)
2025-08-28 10:36:56,453 - xlsindy.simulation - INFO - acceleration_values : (2000, 2)
2025-08-28 10:36:56,453 - xlsindy.simulation - INFO -  2 coordinates activated by the external forces and function interlink : 
 [1 1]
2025-08-28 10:36:56,453 - xlsindy.simulation - INFO - Performing explicit regression on the activated coordinates...
2025-08-28 10:37:01,093 - xlsindy.simulation - INFO -  2 coordinates activated by the explicit regression this is a 0 change from the first detection : 
 [1 1]
2025-08-28 10:37:01,094 - xlsindy.simulation - INFO - Mixed regression process completed successfully.
2025-08-28 10:37:01,852 - jax._src.xla_bridge - INFO - Unable to initialize backend 'tpu': INTERNAL: Failed to open libtpu.so: libtpu.so: cannot open shared object file: No such file or directory
2025-08-28 10:37:05,863 - __main__ - INFO - Theorical initialized
2025-08-28 10:37:06,623 - __main__ - INFO - Theorical simulation done
2025-08-28 10:37:06,627 - __main__ - INFO - Theorical initialized
2025-08-28 10:37:07,379 - __main__ - INFO - Theorical simulation done
2025-08-28 10:37:07,383 - __main__ - INFO - Theorical initialized
2025-08-28 10:37:08,124 - __main__ - INFO - Theorical simulation done
2025-08-28 10:37:08,128 - __main__ - INFO - Theorical initialized
2025-08-28 10:37:08,873 - __main__ - INFO - Theorical simulation done
2025-08-28 10:37:08,876 - __main__ - INFO - Theorical initialized
2025-08-28 10:37:09,616 - __main__ - INFO - Theorical simulation done
2025-08-28 10:37:09,620 - __main__ - INFO - Theorical initialized
2025-08-28 10:37:10,358 - __main__ - INFO - Theorical simulation done
2025-08-28 10:37:10,361 - __main__ - INFO - Theorical initialized
2025-08-28 10:37:11,098 - __main__ - INFO - Theorical simulation done
2025-08-28 10:37:11,102 - __main__ - INFO - Theorical initialized
2025-08-28 10:37:11,846 - __main__ - INFO - Theorical simulation done
2025-08-28 10:37:11,849 - __main__ - INFO - Theorical initialized
2025-08-28 10:37:12,588 - __main__ - INFO - Theorical simulation done
2025-08-28 10:37:12,591 - __main__ - INFO - Theorical initialized
2025-08-28 10:37:13,329 - __main__ - INFO - Theorical simulation done
2025-08-28 10:37:45,195 - xlsindy.simulation - INFO - Starting mixed regression process...
2025-08-28 10:37:46,487 - xlsindy.simulation - INFO - activated_function : (1, 94)
2025-08-28 10:37:46,487 - xlsindy.simulation - INFO - activated_coordinate : (2, 1)
2025-08-28 10:37:46,487 - xlsindy.simulation - INFO - external_forces : (2000, 2)
2025-08-28 10:37:46,487 - xlsindy.simulation - INFO - acceleration_values : (2000, 2)
2025-08-28 10:37:46,487 - xlsindy.simulation - INFO -  2 coordinates activated by the external forces and function interlink : 
 [1 1]
2025-08-28 10:37:46,487 - xlsindy.simulation - INFO - Performing explicit regression on the activated coordinates...
2025-08-28 10:37:46,893 - xlsindy.simulation - INFO -  2 coordinates activated by the explicit regression this is a 0 change from the first detection : 
 [1 1]
2025-08-28 10:37:46,893 - xlsindy.simulation - INFO - Mixed regression process completed successfully.
2025-08-28 10:39:14,182 - xlsindy.simulation - INFO - Starting mixed regression process...
2025-08-28 10:39:15,481 - xlsindy.simulation - INFO - activated_function : (1, 94)
2025-08-28 10:39:15,482 - xlsindy.simulation - INFO - activated_coordinate : (2, 1)
2025-08-28 10:39:15,482 - xlsindy.simulation - INFO - external_forces : (2000, 2)
2025-08-28 10:39:15,482 - xlsindy.simulation - INFO - acceleration_values : (2000, 2)
2025-08-28 10:39:15,482 - xlsindy.simulation - INFO -  2 coordinates activated by the external forces and function interlink : 
 [1 1]
2025-08-28 10:39:15,482 - xlsindy.simulation - INFO - Performing explicit regression on the activated coordinates...
2025-08-28 10:39:15,514 - xlsindy.simulation - INFO -  2 coordinates activated by the explicit regression this is a 0 change from the first detection : 
 [1 1]
2025-08-28 10:39:15,514 - xlsindy.simulation - INFO - Mixed regression process completed successfully.
2025-08-28 10:39:26,735 - xlsindy.simulation - INFO - Starting mixed regression process...
2025-08-28 10:39:27,881 - xlsindy.simulation - INFO - activated_function : (1, 94)
2025-08-28 10:39:27,882 - xlsindy.simulation - INFO - activated_coordinate : (2, 1)
2025-08-28 10:39:27,882 - xlsindy.simulation - INFO - external_forces : (2000, 2)
2025-08-28 10:39:27,882 - xlsindy.simulation - INFO - acceleration_values : (2000, 2)
2025-08-28 10:39:27,882 - xlsindy.simulation - INFO -  2 coordinates activated by the external forces and function interlink : 
 [1 1]
2025-08-28 10:39:27,882 - xlsindy.simulation - INFO - Performing explicit regression on the activated coordinates...
2025-08-28 10:39:27,908 - xlsindy.simulation - INFO -  2 coordinates activated by the explicit regression this is a 0 change from the first detection : 
 [1 1]
2025-08-28 10:39:27,909 - xlsindy.simulation - INFO - Mixed regression process completed successfully.
2025-08-28 10:40:20,600 - xlsindy.simulation - INFO - Starting mixed regression process...
2025-08-28 10:40:21,895 - xlsindy.simulation - INFO - activated_function : (1, 94)
2025-08-28 10:40:21,895 - xlsindy.simulation - INFO - activated_coordinate : (2, 1)
2025-08-28 10:40:21,895 - xlsindy.simulation - INFO - external_forces : (2000, 2)
2025-08-28 10:40:21,895 - xlsindy.simulation - INFO - acceleration_values : (2000, 2)
2025-08-28 10:40:21,896 - xlsindy.simulation - INFO -  2 coordinates activated by the external forces and function interlink : 
 [1 1]
2025-08-28 10:40:21,896 - xlsindy.simulation - INFO - Performing explicit regression on the activated coordinates...
2025-08-28 10:40:26,481 - xlsindy.simulation - INFO -  2 coordinates activated by the explicit regression this is a 0 change from the first detection : 
 [1 1]
2025-08-28 10:40:26,482 - xlsindy.simulation - INFO - Mixed regression process completed successfully.
2025-08-28 10:40:27,269 - jax._src.xla_bridge - INFO - Unable to initialize backend 'tpu': INTERNAL: Failed to open libtpu.so: libtpu.so: cannot open shared object file: No such file or directory
2025-08-28 10:40:31,261 - __main__ - INFO - Theorical initialized
2025-08-28 10:40:32,021 - __main__ - INFO - Theorical simulation done
2025-08-28 10:40:32,024 - __main__ - INFO - Theorical initialized
2025-08-28 10:40:32,796 - __main__ - INFO - Theorical simulation done
2025-08-28 10:40:32,799 - __main__ - INFO - Theorical initialized
2025-08-28 10:40:33,579 - __main__ - INFO - Theorical simulation done
2025-08-28 10:40:33,582 - __main__ - INFO - Theorical initialized
2025-08-28 10:40:34,338 - __main__ - INFO - Theorical simulation done
2025-08-28 10:40:34,342 - __main__ - INFO - Theorical initialized
2025-08-28 10:40:35,097 - __main__ - INFO - Theorical simulation done
2025-08-28 10:40:35,100 - __main__ - INFO - Theorical initialized
2025-08-28 10:40:35,857 - __main__ - INFO - Theorical simulation done
2025-08-28 10:40:35,860 - __main__ - INFO - Theorical initialized
2025-08-28 10:40:36,615 - __main__ - INFO - Theorical simulation done
2025-08-28 10:40:36,619 - __main__ - INFO - Theorical initialized
2025-08-28 10:40:37,381 - __main__ - INFO - Theorical simulation done
2025-08-28 10:40:37,385 - __main__ - INFO - Theorical initialized
2025-08-28 10:40:38,147 - __main__ - INFO - Theorical simulation done
2025-08-28 10:40:38,151 - __main__ - INFO - Theorical initialized
2025-08-28 10:40:38,909 - __main__ - INFO - Theorical simulation done
2025-08-28 10:41:08,339 - xlsindy.simulation - INFO - Starting mixed regression process...
2025-08-28 10:41:09,570 - xlsindy.simulation - INFO - activated_function : (1, 94)
2025-08-28 10:41:09,571 - xlsindy.simulation - INFO - activated_coordinate : (2, 1)
2025-08-28 10:41:09,571 - xlsindy.simulation - INFO - external_forces : (2000, 2)
2025-08-28 10:41:09,571 - xlsindy.simulation - INFO - acceleration_values : (2000, 2)
2025-08-28 10:41:09,571 - xlsindy.simulation - INFO -  2 coordinates activated by the external forces and function interlink : 
 [1 1]
2025-08-28 10:41:09,571 - xlsindy.simulation - INFO - Performing explicit regression on the activated coordinates...
2025-08-28 10:41:10,238 - xlsindy.simulation - INFO -  2 coordinates activated by the explicit regression this is a 0 change from the first detection : 
 [1 1]
2025-08-28 10:41:10,238 - xlsindy.simulation - INFO - Mixed regression process completed successfully.
2025-08-28 10:41:11,004 - jax._src.xla_bridge - INFO - Unable to initialize backend 'tpu': INTERNAL: Failed to open libtpu.so: libtpu.so: cannot open shared object file: No such file or directory
2025-08-28 10:41:15,189 - __main__ - INFO - Theorical initialized
2025-08-28 10:41:15,946 - __main__ - INFO - Theorical simulation done
2025-08-28 10:41:15,949 - __main__ - INFO - Theorical initialized
2025-08-28 10:41:16,700 - __main__ - INFO - Theorical simulation done
2025-08-28 10:41:16,703 - __main__ - INFO - Theorical initialized
2025-08-28 10:41:17,458 - __main__ - INFO - Theorical simulation done
2025-08-28 10:41:17,462 - __main__ - INFO - Theorical initialized
2025-08-28 10:41:18,212 - __main__ - INFO - Theorical simulation done
2025-08-28 10:41:18,216 - __main__ - INFO - Theorical initialized
2025-08-28 10:41:18,982 - __main__ - INFO - Theorical simulation done
2025-08-28 10:41:18,985 - __main__ - INFO - Theorical initialized
2025-08-28 10:41:19,735 - __main__ - INFO - Theorical simulation done
2025-08-28 10:41:19,738 - __main__ - INFO - Theorical initialized
2025-08-28 10:41:20,485 - __main__ - INFO - Theorical simulation done
2025-08-28 10:41:20,488 - __main__ - INFO - Theorical initialized
2025-08-28 10:41:21,239 - __main__ - INFO - Theorical simulation done
2025-08-28 10:41:21,242 - __main__ - INFO - Theorical initialized
2025-08-28 10:41:21,990 - __main__ - INFO - Theorical simulation done
2025-08-28 10:41:21,994 - __main__ - INFO - Theorical initialized
2025-08-28 10:41:22,758 - __main__ - INFO - Theorical simulation done
2025-08-28 15:36:31,457 - xlsindy.simulation - INFO - Starting mixed regression process...
2025-08-28 15:36:32,625 - xlsindy.simulation - INFO - activated_function : (1, 94)
2025-08-28 15:36:32,626 - xlsindy.simulation - INFO - activated_coordinate : (2, 1)
2025-08-28 15:36:32,626 - xlsindy.simulation - INFO - external_forces : (2000, 2)
2025-08-28 15:36:32,626 - xlsindy.simulation - INFO - acceleration_values : (2000, 2)
2025-08-28 15:36:32,626 - xlsindy.simulation - INFO -  2 coordinates activated by the external forces and function interlink : 
 [1 1]
2025-08-28 15:36:32,626 - xlsindy.simulation - INFO - Performing explicit regression on the activated coordinates...
2025-08-28 15:36:33,351 - xlsindy.simulation - INFO -  2 coordinates activated by the explicit regression this is a 0 change from the first detection : 
 [1 1]
2025-08-28 15:36:33,351 - xlsindy.simulation - INFO - Mixed regression process completed successfully.
2025-08-28 15:36:34,134 - jax._src.xla_bridge - INFO - Unable to initialize backend 'tpu': INTERNAL: Failed to open libtpu.so: libtpu.so: cannot open shared object file: No such file or directory
2025-08-28 15:36:38,990 - batch_generation.v2.util - INFO - Theorical initialized
2025-08-28 15:36:39,773 - batch_generation.v2.util - INFO - Theorical simulation done
2025-08-28 15:36:39,777 - batch_generation.v2.util - INFO - Theorical initialized
2025-08-28 15:36:40,532 - batch_generation.v2.util - INFO - Theorical simulation done
2025-08-28 15:36:40,535 - batch_generation.v2.util - INFO - Theorical initialized
2025-08-28 15:36:41,287 - batch_generation.v2.util - INFO - Theorical simulation done
2025-08-28 15:36:41,290 - batch_generation.v2.util - INFO - Theorical initialized
2025-08-28 15:36:42,075 - batch_generation.v2.util - INFO - Theorical simulation done
2025-08-28 15:36:42,078 - batch_generation.v2.util - INFO - Theorical initialized
2025-08-28 15:36:42,833 - batch_generation.v2.util - INFO - Theorical simulation done
2025-08-28 15:36:42,837 - batch_generation.v2.util - INFO - Theorical initialized
2025-08-28 15:36:43,586 - batch_generation.v2.util - INFO - Theorical simulation done
2025-08-28 15:36:43,589 - batch_generation.v2.util - INFO - Theorical initialized
2025-08-28 15:36:44,342 - batch_generation.v2.util - INFO - Theorical simulation done
2025-08-28 15:36:44,345 - batch_generation.v2.util - INFO - Theorical initialized
2025-08-28 15:36:45,094 - batch_generation.v2.util - INFO - Theorical simulation done
2025-08-28 15:36:45,097 - batch_generation.v2.util - INFO - Theorical initialized
2025-08-28 15:36:45,841 - batch_generation.v2.util - INFO - Theorical simulation done
2025-08-28 15:36:45,844 - batch_generation.v2.util - INFO - Theorical initialized
2025-08-28 15:36:46,588 - batch_generation.v2.util - INFO - Theorical simulation done
2025-08-28 15:36:52,388 - xlsindy.symbolic_util - INFO - need to pick 85 more component
2025-08-28 15:36:52,389 - xlsindy.simulation - INFO - Starting mixed regression process...
2025-08-28 15:36:52,678 - xlsindy.simulation - INFO - activated_function : (1, 94)
2025-08-28 15:36:52,678 - xlsindy.simulation - INFO - activated_coordinate : (2, 1)
2025-08-28 15:36:52,678 - xlsindy.simulation - INFO - external_forces : (2000, 2)
2025-08-28 15:36:52,678 - xlsindy.simulation - INFO - acceleration_values : (2000, 2)
2025-08-28 15:36:52,678 - xlsindy.simulation - INFO -  1 coordinates activated by the external forces and function interlink : 
 [0 1]
2025-08-28 15:36:52,678 - xlsindy.simulation - INFO - Performing explicit regression on the activated coordinates...
2025-08-28 15:36:52,826 - xlsindy.simulation - INFO -  1 coordinates activated by the explicit regression this is a 0 change from the first detection : 
 [0 1]
2025-08-28 15:36:52,826 - xlsindy.simulation - INFO - Performing implicit regression on the remaining coordinates...
2025-08-28 15:37:03,788 - xlsindy.simulation - INFO - Group 0, weight 0.64: [np.int64(0), np.int64(1), np.int64(2), np.int64(3)]
2025-08-28 15:37:03,789 - xlsindy.simulation - INFO - Mixed regression process completed successfully.
2025-08-28 15:37:04,037 - jax._src.xla_bridge - INFO - Unable to initialize backend 'tpu': INTERNAL: Failed to open libtpu.so: libtpu.so: cannot open shared object file: No such file or directory
2025-08-28 15:37:07,781 - batch_generation.v2.util - INFO - Theorical initialized
2025-08-28 15:37:08,579 - batch_generation.v2.util - INFO - Theorical simulation done
2025-08-28 15:37:08,582 - batch_generation.v2.util - INFO - Theorical initialized
2025-08-28 15:37:09,369 - batch_generation.v2.util - INFO - Theorical simulation done
2025-08-28 15:37:09,373 - batch_generation.v2.util - INFO - Theorical initialized
2025-08-28 15:37:10,162 - batch_generation.v2.util - INFO - Theorical simulation done
2025-08-28 15:37:10,166 - batch_generation.v2.util - INFO - Theorical initialized
2025-08-28 15:37:10,954 - batch_generation.v2.util - INFO - Theorical simulation done
2025-08-28 15:37:10,958 - batch_generation.v2.util - INFO - Theorical initialized
2025-08-28 15:37:11,756 - batch_generation.v2.util - INFO - Theorical simulation done
2025-08-28 15:37:11,759 - batch_generation.v2.util - INFO - Theorical initialized
2025-08-28 15:37:12,561 - batch_generation.v2.util - INFO - Theorical simulation done
2025-08-28 15:37:12,565 - batch_generation.v2.util - INFO - Theorical initialized
2025-08-28 15:37:13,352 - batch_generation.v2.util - INFO - Theorical simulation done
2025-08-28 15:37:13,355 - batch_generation.v2.util - INFO - Theorical initialized
2025-08-28 15:37:14,153 - batch_generation.v2.util - INFO - Theorical simulation done
2025-08-28 15:37:14,156 - batch_generation.v2.util - INFO - Theorical initialized
2025-08-28 15:37:14,955 - batch_generation.v2.util - INFO - Theorical simulation done
2025-08-28 15:37:14,958 - batch_generation.v2.util - INFO - Theorical initialized
2025-08-28 15:37:15,747 - batch_generation.v2.util - INFO - Theorical simulation done
