\BOOKMARK [1][-]{section*.2}{\376\377\000I\000n\000t\000r\000o\000d\000u\000c\000t\000i\000o\000n}{}% 1
\BOOKMARK [2][-]{section*.3}{\376\377\000I\000n\000s\000t\000a\000l\000l\000a\000t\000i\000o\000n}{section*.2}% 2
\BOOKMARK [2][-]{section*.4}{\376\377\000U\000s\000a\000g\000e}{section*.2}% 3
\BOOKMARK [1][-]{section*.5}{\376\377\000P\000o\000s\000e\000t}{}% 4
\BOOKMARK [2][-]{section*.6}{\376\377\000O\000p\000e\000r\000a\000t\000i\000o\000n\000s}{section*.5}% 5
\BOOKMARK [3][-]{section*.7}{\376\377\000P\000o\000s\000e\000t\000.\000a\000d\000j\000o\000i\000n\000o\000n\000e\000h\000a\000t\000a\000d\000j\000o\000i\000n\000\137\000o\000n\000e\000h\000a\000t}{section*.6}% 6
\BOOKMARK [3][-]{section*.7}{\376\377\000P\000o\000s\000e\000t\000.\000a\000d\000j\000o\000i\000n\000z\000e\000r\000o\000h\000a\000t\000a\000d\000j\000o\000i\000n\000\137\000z\000e\000r\000o\000h\000a\000t}{section*.6}% 7
\BOOKMARK [3][-]{section*.7}{\376\377\000P\000o\000s\000e\000t\000.\000b\000d\000d\000P\000r\000o\000d\000u\000c\000t\000b\000d\000d\000P\000r\000o\000d\000u\000c\000t}{section*.6}% 8
\BOOKMARK [3][-]{section*.7}{\376\377\000P\000o\000s\000e\000t\000.\000b\000d\000d\000U\000n\000i\000o\000n\000b\000d\000d\000U\000n\000i\000o\000n}{section*.6}% 9
\BOOKMARK [3][-]{section*.7}{\376\377\000P\000o\000s\000e\000t\000.\000c\000a\000r\000t\000e\000s\000i\000a\000n\000P\000r\000o\000d\000u\000c\000t\000c\000a\000r\000t\000e\000s\000i\000a\000n\000P\000r\000o\000d\000u\000c\000t}{section*.6}% 10
\BOOKMARK [3][-]{section*.7}{\376\377\000P\000o\000s\000e\000t\000.\000d\000i\000a\000m\000o\000n\000d\000P\000r\000o\000d\000u\000c\000t\000d\000i\000a\000m\000o\000n\000d\000P\000r\000o\000d\000u\000c\000t}{section*.6}% 11
\BOOKMARK [3][-]{section*.7}{\376\377\000P\000o\000s\000e\000t\000.\000d\000u\000a\000l\000d\000u\000a\000l}{section*.6}% 12
\BOOKMARK [3][-]{section*.7}{\376\377\000P\000o\000s\000e\000t\000.\000e\000l\000e\000m\000e\000n\000t\000u\000n\000i\000o\000n\000e\000l\000e\000m\000e\000n\000t\000\137\000u\000n\000i\000o\000n}{section*.6}% 13
\BOOKMARK [3][-]{section*.7}{\376\377\000P\000o\000s\000e\000t\000.\000i\000d\000e\000n\000t\000i\000f\000y\000i\000d\000e\000n\000t\000i\000f\000y}{section*.6}% 14
\BOOKMARK [3][-]{section*.7}{\376\377\000P\000o\000s\000e\000t\000.\000p\000r\000i\000s\000m\000p\000r\000i\000s\000m}{section*.6}% 15
\BOOKMARK [3][-]{section*.7}{\376\377\000P\000o\000s\000e\000t\000.\000p\000y\000r\000p\000y\000r}{section*.6}% 16
\BOOKMARK [3][-]{section*.7}{\376\377\000P\000o\000s\000e\000t\000.\000s\000t\000a\000r\000P\000r\000o\000d\000u\000c\000t\000s\000t\000a\000r\000P\000r\000o\000d\000u\000c\000t}{section*.6}% 17
\BOOKMARK [3][-]{section*.7}{\376\377\000P\000o\000s\000e\000t\000.\000u\000n\000i\000o\000n\000u\000n\000i\000o\000n}{section*.6}% 18
\BOOKMARK [2][-]{section*.8}{\376\377\000S\000u\000b\000p\000o\000s\000e\000t\000\040\000S\000e\000l\000e\000c\000t\000i\000o\000n}{section*.5}% 19
\BOOKMARK [3][-]{section*.9}{\376\377\000P\000o\000s\000e\000t\000.\000c\000o\000m\000p\000l\000S\000u\000b\000p\000o\000s\000e\000t\000c\000o\000m\000p\000l\000S\000u\000b\000p\000o\000s\000e\000t}{section*.8}% 20
\BOOKMARK [3][-]{section*.9}{\376\377\000P\000o\000s\000e\000t\000.\000f\000i\000l\000t\000e\000r\000f\000i\000l\000t\000e\000r}{section*.8}% 21
\BOOKMARK [3][-]{section*.9}{\376\377\000P\000o\000s\000e\000t\000.\000i\000d\000e\000a\000l\000i\000d\000e\000a\000l}{section*.8}% 22
\BOOKMARK [3][-]{section*.9}{\376\377\000P\000o\000s\000e\000t\000.\000i\000n\000t\000e\000r\000v\000a\000l\000i\000n\000t\000e\000r\000v\000a\000l}{section*.8}% 23
\BOOKMARK [3][-]{section*.9}{\376\377\000P\000o\000s\000e\000t\000.\000m\000a\000x\000m\000a\000x}{section*.8}% 24
\BOOKMARK [3][-]{section*.9}{\376\377\000P\000o\000s\000e\000t\000.\000m\000i\000n\000m\000i\000n}{section*.8}% 25
\BOOKMARK [3][-]{section*.9}{\376\377\000P\000o\000s\000e\000t\000.\000p\000r\000o\000p\000e\000r\000P\000a\000r\000t\000p\000r\000o\000p\000e\000r\000P\000a\000r\000t}{section*.8}% 26
\BOOKMARK [3][-]{section*.9}{\376\377\000P\000o\000s\000e\000t\000.\000r\000a\000n\000k\000S\000e\000l\000e\000c\000t\000i\000o\000n\000r\000a\000n\000k\000S\000e\000l\000e\000c\000t\000i\000o\000n}{section*.8}% 27
\BOOKMARK [3][-]{section*.9}{\376\377\000P\000o\000s\000e\000t\000.\000s\000u\000b\000p\000o\000s\000e\000t\000s\000u\000b\000p\000o\000s\000e\000t}{section*.8}% 28
\BOOKMARK [2][-]{section*.10}{\376\377\000I\000n\000t\000e\000r\000n\000a\000l\000\040\000C\000o\000m\000p\000u\000t\000a\000t\000i\000o\000n\000s}{section*.5}% 29
\BOOKMARK [3][-]{section*.11}{\376\377\000P\000o\000s\000e\000t\000.\000i\000s\000A\000n\000t\000i\000c\000h\000a\000i\000n\000i\000s\000A\000n\000t\000i\000c\000h\000a\000i\000n}{section*.10}% 30
\BOOKMARK [3][-]{section*.11}{\376\377\000P\000o\000s\000e\000t\000.\000j\000o\000i\000n\000j\000o\000i\000n}{section*.10}% 31
\BOOKMARK [3][-]{section*.11}{\376\377\000P\000o\000s\000e\000t\000.\000l\000e\000s\000s\000l\000e\000s\000s}{section*.10}% 32
\BOOKMARK [3][-]{section*.11}{\376\377\000P\000o\000s\000e\000t\000.\000l\000e\000s\000s\000e\000q\000l\000e\000s\000s\000e\000q}{section*.10}% 33
\BOOKMARK [3][-]{section*.11}{\376\377\000P\000o\000s\000e\000t\000.\000m\000o\000b\000i\000u\000s\000m\000o\000b\000i\000u\000s}{section*.10}% 34
\BOOKMARK [3][-]{section*.11}{\376\377\000P\000o\000s\000e\000t\000.\000r\000a\000n\000k\000r\000a\000n\000k}{section*.10}% 35
\BOOKMARK [2][-]{section*.12}{\376\377\000Q\000u\000e\000r\000i\000e\000s}{section*.5}% 36
\BOOKMARK [3][-]{section*.13}{\376\377\000P\000o\000s\000e\000t\000.\000c\000o\000v\000e\000r\000s\000c\000o\000v\000e\000r\000s}{section*.12}% 37
\BOOKMARK [3][-]{section*.13}{\376\377\000P\000o\000s\000e\000t\000.\000i\000s\000E\000u\000l\000e\000r\000i\000a\000n\000i\000s\000E\000u\000l\000e\000r\000i\000a\000n}{section*.12}% 38
\BOOKMARK [3][-]{section*.13}{\376\377\000P\000o\000s\000e\000t\000.\000i\000s\000G\000o\000r\000e\000n\000s\000t\000e\000i\000n\000i\000s\000G\000o\000r\000e\000n\000s\000t\000e\000i\000n}{section*.12}% 39
\BOOKMARK [3][-]{section*.13}{\376\377\000P\000o\000s\000e\000t\000.\000i\000s\000L\000a\000t\000t\000i\000c\000e\000i\000s\000L\000a\000t\000t\000i\000c\000e}{section*.12}% 40
\BOOKMARK [3][-]{section*.13}{\376\377\000P\000o\000s\000e\000t\000.\000i\000s\000R\000a\000n\000k\000e\000d\000i\000s\000R\000a\000n\000k\000e\000d}{section*.12}% 41
\BOOKMARK [2][-]{section*.14}{\376\377\000I\000n\000v\000a\000r\000i\000a\000n\000t\000s}{section*.5}% 42
\BOOKMARK [3][-]{section*.15}{\376\377\000P\000o\000s\000e\000t\000.\000a\000b\000I\000n\000d\000e\000x\000a\000b\000I\000n\000d\000e\000x}{section*.14}% 43
\BOOKMARK [3][-]{section*.15}{\376\377\000P\000o\000s\000e\000t\000.\000b\000e\000t\000t\000i\000N\000u\000m\000b\000e\000r\000s\000b\000e\000t\000t\000i\000N\000u\000m\000b\000e\000r\000s}{section*.14}% 44
\BOOKMARK [3][-]{section*.15}{\376\377\000P\000o\000s\000e\000t\000.\000c\000d\000I\000n\000d\000e\000x\000c\000d\000I\000n\000d\000e\000x}{section*.14}% 45
\BOOKMARK [3][-]{section*.15}{\376\377\000P\000o\000s\000e\000t\000.\000f\000V\000e\000c\000t\000o\000r\000f\000V\000e\000c\000t\000o\000r}{section*.14}% 46
\BOOKMARK [3][-]{section*.15}{\376\377\000P\000o\000s\000e\000t\000.\000f\000l\000a\000g\000V\000e\000c\000t\000o\000r\000s\000f\000l\000a\000g\000V\000e\000c\000t\000o\000r\000s}{section*.14}% 47
\BOOKMARK [3][-]{section*.15}{\376\377\000P\000o\000s\000e\000t\000.\000f\000l\000a\000g\000V\000e\000c\000t\000o\000r\000s\000L\000a\000t\000e\000x\000f\000l\000a\000g\000V\000e\000c\000t\000o\000r\000s\000L\000a\000t\000e\000x}{section*.14}% 48
\BOOKMARK [3][-]{section*.15}{\376\377\000P\000o\000s\000e\000t\000.\000h\000V\000e\000c\000t\000o\000r\000h\000V\000e\000c\000t\000o\000r}{section*.14}% 49
\BOOKMARK [3][-]{section*.15}{\376\377\000P\000o\000s\000e\000t\000.\000o\000r\000d\000e\000r\000C\000o\000m\000p\000l\000e\000x\000o\000r\000d\000e\000r\000C\000o\000m\000p\000l\000e\000x}{section*.14}% 50
\BOOKMARK [3][-]{section*.15}{\376\377\000P\000o\000s\000e\000t\000.\000s\000p\000a\000r\000s\000e\000K\000V\000e\000c\000t\000o\000r\000s\000p\000a\000r\000s\000e\000K\000V\000e\000c\000t\000o\000r}{section*.14}% 51
\BOOKMARK [2][-]{section*.16}{\376\377\000M\000a\000p\000s}{section*.5}% 52
\BOOKMARK [3][-]{section*.17}{\376\377\000P\000o\000s\000e\000t\000.\000b\000u\000i\000l\000d\000I\000s\000o\000m\000o\000r\000p\000h\000i\000s\000m\000b\000u\000i\000l\000d\000I\000s\000o\000m\000o\000r\000p\000h\000i\000s\000m}{section*.16}% 53
\BOOKMARK [3][-]{section*.17}{\376\377\000P\000o\000s\000e\000t\000.\000i\000s\000i\000s\000o\000m\000o\000r\000p\000h\000i\000c\000i\000s\000\137\000i\000s\000o\000m\000o\000r\000p\000h\000i\000c}{section*.16}% 54
\BOOKMARK [2][-]{section*.18}{\376\377\000M\000i\000s\000c\000e\000l\000l\000a\000n\000e\000o\000u\000s}{section*.5}% 55
\BOOKMARK [3][-]{section*.19}{\376\377\000P\000o\000s\000e\000t\000.\000c\000o\000n\000t\000a\000i\000n\000s\000\137\000\137\000c\000o\000n\000t\000a\000i\000n\000s\000\137\000\137}{section*.18}% 56
\BOOKMARK [3][-]{section*.19}{\376\377\000P\000o\000s\000e\000t\000.\000e\000q\000\137\000\137\000e\000q\000\137\000\137}{section*.18}% 57
\BOOKMARK [3][-]{section*.19}{\376\377\000P\000o\000s\000e\000t\000.\000g\000e\000t\000i\000t\000e\000m\000\137\000\137\000g\000e\000t\000i\000t\000e\000m\000\137\000\137}{section*.18}% 58
\BOOKMARK [3][-]{section*.19}{\376\377\000P\000o\000s\000e\000t\000.\000h\000a\000s\000h\000\137\000\137\000h\000a\000s\000h\000\137\000\137}{section*.18}% 59
\BOOKMARK [3][-]{section*.19}{\376\377\000P\000o\000s\000e\000t\000.\000i\000n\000i\000t\000\137\000\137\000i\000n\000i\000t\000\137\000\137}{section*.18}% 60
\BOOKMARK [3][-]{section*.19}{\376\377\000P\000o\000s\000e\000t\000.\000i\000t\000e\000r\000\137\000\137\000i\000t\000e\000r\000\137\000\137}{section*.18}% 61
\BOOKMARK [3][-]{section*.19}{\376\377\000P\000o\000s\000e\000t\000.\000l\000e\000n\000\137\000\137\000l\000e\000n\000\137\000\137}{section*.18}% 62
\BOOKMARK [3][-]{section*.19}{\376\377\000P\000o\000s\000e\000t\000.\000r\000e\000p\000r\000\137\000\137\000r\000e\000p\000r\000\137\000\137}{section*.18}% 63
\BOOKMARK [3][-]{section*.19}{\376\377\000P\000o\000s\000e\000t\000.\000s\000t\000r\000\137\000\137\000s\000t\000r\000\137\000\137}{section*.18}% 64
\BOOKMARK [3][-]{section*.19}{\376\377\000P\000o\000s\000e\000t\000.\000c\000h\000a\000i\000n\000s\000c\000h\000a\000i\000n\000s}{section*.18}% 65
\BOOKMARK [3][-]{section*.19}{\376\377\000P\000o\000s\000e\000t\000.\000c\000o\000p\000y\000c\000o\000p\000y}{section*.18}% 66
\BOOKMARK [3][-]{section*.19}{\376\377\000P\000o\000s\000e\000t\000.\000f\000r\000o\000m\000S\000a\000g\000e\000f\000r\000o\000m\000S\000a\000g\000e}{section*.18}% 67
\BOOKMARK [3][-]{section*.19}{\376\377\000P\000o\000s\000e\000t\000.\000i\000m\000g\000i\000m\000g}{section*.18}% 68
\BOOKMARK [3][-]{section*.19}{\376\377\000P\000o\000s\000e\000t\000.\000i\000s\000o\000C\000l\000a\000s\000s\000i\000s\000o\000C\000l\000a\000s\000s}{section*.18}% 69
\BOOKMARK [3][-]{section*.19}{\376\377\000P\000o\000s\000e\000t\000.\000l\000a\000t\000e\000x\000l\000a\000t\000e\000x}{section*.18}% 70
\BOOKMARK [3][-]{section*.19}{\376\377\000P\000o\000s\000e\000t\000.\000m\000a\000k\000e\000r\000a\000n\000k\000s\000m\000a\000k\000e\000\137\000r\000a\000n\000k\000s}{section*.18}% 71
\BOOKMARK [3][-]{section*.19}{\376\377\000P\000o\000s\000e\000t\000.\000r\000e\000l\000a\000b\000e\000l\000r\000e\000l\000a\000b\000e\000l}{section*.18}% 72
\BOOKMARK [3][-]{section*.19}{\376\377\000P\000o\000s\000e\000t\000.\000r\000e\000l\000a\000t\000i\000o\000n\000s\000r\000e\000l\000a\000t\000i\000o\000n\000s}{section*.18}% 73
\BOOKMARK [3][-]{section*.19}{\376\377\000P\000o\000s\000e\000t\000.\000r\000e\000o\000r\000d\000e\000r\000r\000e\000o\000r\000d\000e\000r}{section*.18}% 74
\BOOKMARK [3][-]{section*.19}{\376\377\000P\000o\000s\000e\000t\000.\000s\000h\000o\000w\000s\000h\000o\000w}{section*.18}% 75
\BOOKMARK [3][-]{section*.19}{\376\377\000P\000o\000s\000e\000t\000.\000s\000h\000u\000f\000f\000l\000e\000s\000h\000u\000f\000f\000l\000e}{section*.18}% 76
\BOOKMARK [3][-]{section*.19}{\376\377\000P\000o\000s\000e\000t\000.\000s\000o\000r\000t\000s\000o\000r\000t}{section*.18}% 77
\BOOKMARK [3][-]{section*.19}{\376\377\000P\000o\000s\000e\000t\000.\000t\000o\000S\000a\000g\000e\000t\000o\000S\000a\000g\000e}{section*.18}% 78
\BOOKMARK [3][-]{section*.19}{\376\377\000P\000o\000s\000e\000t\000.\000t\000r\000a\000n\000s\000C\000l\000o\000s\000e\000t\000r\000a\000n\000s\000C\000l\000o\000s\000e}{section*.18}% 79
\BOOKMARK [3][-]{section*.19}{\376\377\000P\000o\000s\000e\000t\000.\000z\000e\000t\000a\000f\000r\000o\000m\000r\000e\000l\000a\000t\000i\000o\000n\000s\000z\000e\000t\000a\000\137\000f\000r\000o\000m\000\137\000r\000e\000l\000a\000t\000i\000o\000n\000s}{section*.18}% 80
\BOOKMARK [2][-]{section*.19}{\376\377\000P\000o\000s\000e\000t\000.\000l\000i\000n\000e\000a\000r\000i\000z\000e\000l\000i\000n\000e\000a\000r\000i\000z\000e}{section*.5}% 81
\BOOKMARK [1][-]{section*.20}{\376\377\000P\000o\000s\000e\000t\000I\000s\000o\000C\000l\000a\000s\000s}{}% 82
\BOOKMARK [1][-]{section*.21}{\376\377\000G\000e\000n\000l\000a\000t\000t}{}% 83
\BOOKMARK [2][-]{section*.22}{\376\377\000G\000e\000n\000l\000a\000t\000t\000.\000D\000e\000l\000D\000e\000l}{section*.21}% 84
\BOOKMARK [2][-]{section*.22}{\376\377\000G\000e\000n\000l\000a\000t\000t\000.\000i\000n\000i\000t\000\137\000\137\000i\000n\000i\000t\000\137\000\137}{section*.21}% 85
\BOOKMARK [2][-]{section*.22}{\376\377\000G\000e\000n\000l\000a\000t\000t\000.\000m\000i\000n\000o\000r\000s\000\137\000m\000i\000n\000o\000r\000s}{section*.21}% 86
\BOOKMARK [2][-]{section*.22}{\376\377\000G\000e\000n\000l\000a\000t\000t\000.\000c\000o\000n\000t\000r\000a\000c\000t\000c\000o\000n\000t\000r\000a\000c\000t}{section*.21}% 87
\BOOKMARK [2][-]{section*.22}{\376\377\000G\000e\000n\000l\000a\000t\000t\000.\000d\000e\000l\000e\000t\000e\000d\000e\000l\000e\000t\000e}{section*.21}% 88
\BOOKMARK [2][-]{section*.22}{\376\377\000G\000e\000n\000l\000a\000t\000t\000.\000m\000i\000n\000o\000r\000m\000i\000n\000o\000r}{section*.21}% 89
\BOOKMARK [2][-]{section*.22}{\376\377\000G\000e\000n\000l\000a\000t\000t\000.\000m\000i\000n\000o\000r\000P\000o\000s\000e\000t\000m\000i\000n\000o\000r\000P\000o\000s\000e\000t}{section*.21}% 90
\BOOKMARK [2][-]{section*.22}{\376\377\000G\000e\000n\000l\000a\000t\000t\000.\000m\000i\000n\000o\000r\000s\000m\000i\000n\000o\000r\000s}{section*.21}% 91
\BOOKMARK [1][-]{section*.23}{\376\377\000H\000a\000s\000s\000e\000D\000i\000a\000g\000r\000a\000m}{}% 92
\BOOKMARK [2][-]{section*.24}{\376\377\000H\000a\000s\000s\000e\000D\000i\000a\000g\000r\000a\000m\000.\000i\000n\000i\000t\000\137\000\137\000i\000n\000i\000t\000\137\000\137}{section*.23}% 93
\BOOKMARK [2][-]{section*.24}{\376\377\000H\000a\000s\000s\000e\000D\000i\000a\000g\000r\000a\000m\000.\000l\000a\000t\000e\000x\000l\000a\000t\000e\000x}{section*.23}% 94
\BOOKMARK [2][-]{section*.24}{\376\377\000H\000a\000s\000s\000e\000D\000i\000a\000g\000r\000a\000m\000.\000l\000i\000n\000e\000o\000p\000t\000i\000o\000n\000s\000l\000i\000n\000e\000\137\000o\000p\000t\000i\000o\000n\000s}{section*.23}% 95
\BOOKMARK [2][-]{section*.24}{\376\377\000H\000a\000s\000s\000e\000D\000i\000a\000g\000r\000a\000m\000.\000l\000o\000c\000x\000l\000o\000c\000\137\000x}{section*.23}% 96
\BOOKMARK [2][-]{section*.24}{\376\377\000H\000a\000s\000s\000e\000D\000i\000a\000g\000r\000a\000m\000.\000l\000o\000c\000y\000l\000o\000c\000\137\000y}{section*.23}% 97
\BOOKMARK [2][-]{section*.24}{\376\377\000H\000a\000s\000s\000e\000D\000i\000a\000g\000r\000a\000m\000.\000n\000o\000d\000e\000D\000r\000a\000w\000n\000o\000d\000e\000D\000r\000a\000w}{section*.23}% 98
\BOOKMARK [2][-]{section*.24}{\376\377\000H\000a\000s\000s\000e\000D\000i\000a\000g\000r\000a\000m\000.\000n\000o\000d\000e\000L\000a\000b\000e\000l\000n\000o\000d\000e\000L\000a\000b\000e\000l}{section*.23}% 99
\BOOKMARK [2][-]{section*.24}{\376\377\000H\000a\000s\000s\000e\000D\000i\000a\000g\000r\000a\000m\000.\000n\000o\000d\000e\000N\000a\000m\000e\000n\000o\000d\000e\000N\000a\000m\000e}{section*.23}% 100
\BOOKMARK [2][-]{section*.24}{\376\377\000H\000a\000s\000s\000e\000D\000i\000a\000g\000r\000a\000m\000.\000n\000o\000d\000e\000T\000i\000k\000z\000n\000o\000d\000e\000T\000i\000k\000z}{section*.23}% 101
\BOOKMARK [2][-]{section*.24}{\376\377\000H\000a\000s\000s\000e\000D\000i\000a\000g\000r\000a\000m\000.\000n\000o\000d\000e\000o\000p\000t\000i\000o\000n\000s\000n\000o\000d\000e\000\137\000o\000p\000t\000i\000o\000n\000s}{section*.23}% 102
\BOOKMARK [2][-]{section*.24}{\376\377\000H\000a\000s\000s\000e\000D\000i\000a\000g\000r\000a\000m\000.\000t\000k\000i\000n\000t\000e\000r\000t\000k\000i\000n\000t\000e\000r}{section*.23}% 103
\BOOKMARK [2][-]{section*.24}{\376\377\000H\000a\000s\000s\000e\000D\000i\000a\000g\000r\000a\000m\000.\000v\000a\000l\000i\000d\000a\000t\000e\000v\000a\000l\000i\000d\000a\000t\000e}{section*.23}% 104
\BOOKMARK [1][-]{section*.25}{\376\377\000S\000u\000b\000p\000o\000s\000e\000t\000s\000H\000a\000s\000s\000e\000D\000i\000a\000g\000r\000a\000m}{}% 105
\BOOKMARK [2][-]{section*.26}{\376\377\000S\000u\000b\000p\000o\000s\000e\000t\000s\000H\000a\000s\000s\000e\000D\000i\000a\000g\000r\000a\000m\000.\000Q\000n\000o\000d\000e\000N\000a\000m\000e\000Q\000\137\000n\000o\000d\000e\000N\000a\000m\000e}{section*.25}% 106
\BOOKMARK [2][-]{section*.26}{\376\377\000S\000u\000b\000p\000o\000s\000e\000t\000s\000H\000a\000s\000s\000e\000D\000i\000a\000g\000r\000a\000m\000.\000i\000n\000i\000t\000\137\000\137\000i\000n\000i\000t\000\137\000\137}{section*.25}% 107
\BOOKMARK [2][-]{section*.26}{\376\377\000S\000u\000b\000p\000o\000s\000e\000t\000s\000H\000a\000s\000s\000e\000D\000i\000a\000g\000r\000a\000m\000.\000m\000a\000k\000e\000l\000i\000n\000e\000o\000p\000t\000i\000o\000n\000s\000m\000a\000k\000e\000\137\000l\000i\000n\000e\000\137\000o\000p\000t\000i\000o\000n\000s}{section*.25}% 108
\BOOKMARK [2][-]{section*.26}{\376\377\000S\000u\000b\000p\000o\000s\000e\000t\000s\000H\000a\000s\000s\000e\000D\000i\000a\000g\000r\000a\000m\000.\000m\000a\000k\000e\000n\000o\000d\000e\000o\000p\000t\000i\000o\000n\000s\000m\000a\000k\000e\000\137\000n\000o\000d\000e\000\137\000o\000p\000t\000i\000o\000n\000s}{section*.25}% 109
\BOOKMARK [2][-]{section*.26}{\376\377\000S\000u\000b\000p\000o\000s\000e\000t\000s\000H\000a\000s\000s\000e\000D\000i\000a\000g\000r\000a\000m\000.\000m\000i\000n\000N\000o\000d\000e\000L\000a\000b\000e\000l\000m\000i\000n\000N\000o\000d\000e\000L\000a\000b\000e\000l}{section*.25}% 110
\BOOKMARK [1][-]{section*.27}{\376\377\000B\000u\000i\000l\000t\000\040\000i\000n\000\040\000p\000o\000s\000e\000t\000s}{}% 111
\BOOKMARK [2][-]{section*.28}{\376\377\000A\000n\000t\000i\000c\000h\000a\000i\000n\000A\000n\000t\000i\000c\000h\000a\000i\000n}{section*.27}% 112
\BOOKMARK [2][-]{section*.28}{\376\377\000B\000n\000q\000B\000n\000q}{section*.27}% 113
\BOOKMARK [2][-]{section*.28}{\376\377\000B\000o\000o\000l\000e\000a\000n\000B\000o\000o\000l\000e\000a\000n}{section*.27}% 114
\BOOKMARK [2][-]{section*.28}{\376\377\000B\000r\000u\000h\000a\000t\000B\000r\000u\000h\000a\000t}{section*.27}% 115
\BOOKMARK [2][-]{section*.28}{\376\377\000B\000u\000t\000t\000e\000r\000f\000l\000y\000B\000u\000t\000t\000e\000r\000f\000l\000y}{section*.27}% 116
\BOOKMARK [2][-]{section*.28}{\376\377\000C\000h\000a\000i\000n\000C\000h\000a\000i\000n}{section*.27}% 117
\BOOKMARK [2][-]{section*.28}{\376\377\000C\000u\000b\000e\000C\000u\000b\000e}{section*.27}% 118
\BOOKMARK [2][-]{section*.28}{\376\377\000D\000i\000s\000t\000r\000i\000b\000u\000t\000i\000v\000e\000L\000a\000t\000t\000i\000c\000e\000D\000i\000s\000t\000r\000i\000b\000u\000t\000i\000v\000e\000L\000a\000t\000t\000i\000c\000e}{section*.27}% 119
\BOOKMARK [2][-]{section*.28}{\376\377\000E\000m\000p\000t\000y\000E\000m\000p\000t\000y}{section*.27}% 120
\BOOKMARK [2][-]{section*.28}{\376\377\000G\000l\000u\000e\000d\000C\000u\000b\000e\000G\000l\000u\000e\000d\000C\000u\000b\000e}{section*.27}% 121
\BOOKMARK [2][-]{section*.28}{\376\377\000G\000r\000i\000d\000G\000r\000i\000d}{section*.27}% 122
\BOOKMARK [2][-]{section*.28}{\376\377\000I\000n\000t\000e\000r\000v\000a\000l\000s\000I\000n\000t\000e\000r\000v\000a\000l\000s}{section*.27}% 123
\BOOKMARK [2][-]{section*.28}{\376\377\000K\000l\000e\000i\000n\000B\000o\000t\000t\000l\000e\000K\000l\000e\000i\000n\000B\000o\000t\000t\000l\000e}{section*.27}% 124
\BOOKMARK [2][-]{section*.28}{\376\377\000L\000a\000t\000t\000i\000c\000e\000O\000f\000F\000l\000a\000t\000s\000L\000a\000t\000t\000i\000c\000e\000O\000f\000F\000l\000a\000t\000s}{section*.27}% 125
\BOOKMARK [2][-]{section*.28}{\376\377\000M\000i\000n\000o\000r\000P\000o\000s\000e\000t\000M\000i\000n\000o\000r\000P\000o\000s\000e\000t}{section*.27}% 126
\BOOKMARK [2][-]{section*.28}{\376\377\000N\000o\000n\000c\000r\000o\000s\000s\000i\000n\000g\000P\000a\000r\000t\000i\000t\000i\000o\000n\000L\000a\000t\000t\000i\000c\000e\000N\000o\000n\000c\000r\000o\000s\000s\000i\000n\000g\000P\000a\000r\000t\000i\000t\000i\000o\000n\000L\000a\000t\000t\000i\000c\000e}{section*.27}% 127
\BOOKMARK [2][-]{section*.28}{\376\377\000P\000a\000r\000t\000i\000t\000i\000o\000n\000L\000a\000t\000t\000i\000c\000e\000P\000a\000r\000t\000i\000t\000i\000o\000n\000L\000a\000t\000t\000i\000c\000e}{section*.27}% 128
\BOOKMARK [2][-]{section*.28}{\376\377\000P\000o\000l\000y\000g\000o\000n\000P\000o\000l\000y\000g\000o\000n}{section*.27}% 129
\BOOKMARK [2][-]{section*.28}{\376\377\000P\000r\000o\000j\000e\000c\000t\000i\000v\000e\000S\000p\000a\000c\000e\000P\000r\000o\000j\000e\000c\000t\000i\000v\000e\000S\000p\000a\000c\000e}{section*.27}% 130
\BOOKMARK [2][-]{section*.28}{\376\377\000R\000o\000o\000t\000R\000o\000o\000t}{section*.27}% 131
\BOOKMARK [2][-]{section*.28}{\376\377\000S\000i\000m\000p\000l\000e\000x\000S\000i\000m\000p\000l\000e\000x}{section*.27}% 132
\BOOKMARK [2][-]{section*.28}{\376\377\000T\000o\000r\000u\000s\000T\000o\000r\000u\000s}{section*.27}% 133
\BOOKMARK [2][-]{section*.28}{\376\377\000U\000n\000c\000r\000o\000s\000s\000i\000n\000g\000U\000n\000c\000r\000o\000s\000s\000i\000n\000g}{section*.27}% 134
\BOOKMARK [2][-]{section*.28}{\376\377\000U\000n\000i\000f\000o\000r\000m\000M\000a\000t\000r\000o\000i\000d\000U\000n\000i\000f\000o\000r\000m\000M\000a\000t\000r\000o\000i\000d}{section*.27}% 135
\BOOKMARK [1][-]{section*.29}{\376\377\000P\000o\000l\000y\000n\000o\000m\000i\000a\000l}{}% 136
\BOOKMARK [2][-]{section*.30}{\376\377\000P\000o\000l\000y\000n\000o\000m\000i\000a\000l\000.\000a\000d\000d\000\137\000\137\000a\000d\000d\000\137\000\137}{section*.29}% 137
\BOOKMARK [2][-]{section*.30}{\376\377\000P\000o\000l\000y\000n\000o\000m\000i\000a\000l\000.\000b\000o\000o\000l\000\137\000\137\000b\000o\000o\000l\000\137\000\137}{section*.29}% 138
\BOOKMARK [2][-]{section*.30}{\376\377\000P\000o\000l\000y\000n\000o\000m\000i\000a\000l\000.\000e\000q\000\137\000\137\000e\000q\000\137\000\137}{section*.29}% 139
\BOOKMARK [2][-]{section*.30}{\376\377\000P\000o\000l\000y\000n\000o\000m\000i\000a\000l\000.\000f\000l\000o\000o\000r\000d\000i\000v\000\137\000\137\000f\000l\000o\000o\000r\000d\000i\000v\000\137\000\137}{section*.29}% 140
\BOOKMARK [2][-]{section*.30}{\376\377\000P\000o\000l\000y\000n\000o\000m\000i\000a\000l\000.\000g\000e\000\137\000\137\000g\000e\000\137\000\137}{section*.29}% 141
\BOOKMARK [2][-]{section*.30}{\376\377\000P\000o\000l\000y\000n\000o\000m\000i\000a\000l\000.\000g\000e\000t\000i\000t\000e\000m\000\137\000\137\000g\000e\000t\000i\000t\000e\000m\000\137\000\137}{section*.29}% 142
\BOOKMARK [2][-]{section*.30}{\376\377\000P\000o\000l\000y\000n\000o\000m\000i\000a\000l\000.\000g\000t\000\137\000\137\000g\000t\000\137\000\137}{section*.29}% 143
\BOOKMARK [2][-]{section*.30}{\376\377\000P\000o\000l\000y\000n\000o\000m\000i\000a\000l\000.\000i\000n\000i\000t\000\137\000\137\000i\000n\000i\000t\000\137\000\137}{section*.29}% 144
\BOOKMARK [2][-]{section*.30}{\376\377\000P\000o\000l\000y\000n\000o\000m\000i\000a\000l\000.\000i\000t\000e\000r\000\137\000\137\000i\000t\000e\000r\000\137\000\137}{section*.29}% 145
\BOOKMARK [2][-]{section*.30}{\376\377\000P\000o\000l\000y\000n\000o\000m\000i\000a\000l\000.\000l\000e\000\137\000\137\000l\000e\000\137\000\137}{section*.29}% 146
\BOOKMARK [2][-]{section*.30}{\376\377\000P\000o\000l\000y\000n\000o\000m\000i\000a\000l\000.\000l\000e\000n\000\137\000\137\000l\000e\000n\000\137\000\137}{section*.29}% 147
\BOOKMARK [2][-]{section*.30}{\376\377\000P\000o\000l\000y\000n\000o\000m\000i\000a\000l\000.\000l\000t\000\137\000\137\000l\000t\000\137\000\137}{section*.29}% 148
\BOOKMARK [2][-]{section*.30}{\376\377\000P\000o\000l\000y\000n\000o\000m\000i\000a\000l\000.\000m\000o\000d\000\137\000\137\000m\000o\000d\000\137\000\137}{section*.29}% 149
\BOOKMARK [2][-]{section*.30}{\376\377\000P\000o\000l\000y\000n\000o\000m\000i\000a\000l\000.\000m\000u\000l\000\137\000\137\000m\000u\000l\000\137\000\137}{section*.29}% 150
\BOOKMARK [2][-]{section*.30}{\376\377\000P\000o\000l\000y\000n\000o\000m\000i\000a\000l\000.\000n\000e\000g\000\137\000\137\000n\000e\000g\000\137\000\137}{section*.29}% 151
\BOOKMARK [2][-]{section*.30}{\376\377\000P\000o\000l\000y\000n\000o\000m\000i\000a\000l\000.\000p\000o\000w\000\137\000\137\000p\000o\000w\000\137\000\137}{section*.29}% 152
\BOOKMARK [2][-]{section*.30}{\376\377\000P\000o\000l\000y\000n\000o\000m\000i\000a\000l\000.\000a\000d\000d\000\137\000\137\000a\000d\000d\000\137\000\137}{section*.29}% 153
\BOOKMARK [2][-]{section*.30}{\376\377\000P\000o\000l\000y\000n\000o\000m\000i\000a\000l\000.\000r\000e\000p\000r\000\137\000\137\000r\000e\000p\000r\000\137\000\137}{section*.29}% 154
\BOOKMARK [2][-]{section*.30}{\376\377\000P\000o\000l\000y\000n\000o\000m\000i\000a\000l\000.\000m\000u\000l\000\137\000\137\000m\000u\000l\000\137\000\137}{section*.29}% 155
\BOOKMARK [2][-]{section*.30}{\376\377\000P\000o\000l\000y\000n\000o\000m\000i\000a\000l\000.\000s\000e\000t\000i\000t\000e\000m\000\137\000\137\000s\000e\000t\000i\000t\000e\000m\000\137\000\137}{section*.29}% 156
\BOOKMARK [2][-]{section*.30}{\376\377\000P\000o\000l\000y\000n\000o\000m\000i\000a\000l\000.\000s\000t\000r\000\137\000\137\000s\000t\000r\000\137\000\137}{section*.29}% 157
\BOOKMARK [2][-]{section*.30}{\376\377\000P\000o\000l\000y\000n\000o\000m\000i\000a\000l\000.\000s\000u\000b\000\137\000\137\000s\000u\000b\000\137\000\137}{section*.29}% 158
\BOOKMARK [2][-]{section*.30}{\376\377\000P\000o\000l\000y\000n\000o\000m\000i\000a\000l\000.\000t\000r\000u\000e\000d\000i\000v\000\137\000\137\000t\000r\000u\000e\000d\000i\000v\000\137\000\137}{section*.29}% 159
\BOOKMARK [2][-]{section*.30}{\376\377\000P\000o\000l\000y\000n\000o\000m\000i\000a\000l\000.\000c\000o\000e\000f\000f\000s\000t\000r\000\137\000c\000o\000e\000f\000f\000\137\000s\000t\000r}{section*.29}% 160
\BOOKMARK [2][-]{section*.30}{\376\377\000P\000o\000l\000y\000n\000o\000m\000i\000a\000l\000.\000m\000o\000n\000o\000m\000s\000t\000r\000\137\000m\000o\000n\000o\000m\000\137\000s\000t\000r}{section*.29}% 161
\BOOKMARK [2][-]{section*.30}{\376\377\000P\000o\000l\000y\000n\000o\000m\000i\000a\000l\000.\000p\000o\000l\000y\000a\000d\000d\000p\000r\000e\000p\000o\000l\000y\000\137\000p\000o\000l\000y\000\137\000a\000d\000d\000\137\000p\000r\000e\000p\000o\000l\000y}{section*.29}% 162
\BOOKMARK [2][-]{section*.30}{\376\377\000P\000o\000l\000y\000n\000o\000m\000i\000a\000l\000.\000p\000r\000e\000p\000o\000l\000y\000m\000u\000l\000p\000o\000l\000y\000\137\000p\000r\000e\000p\000o\000l\000y\000\137\000m\000u\000l\000\137\000p\000o\000l\000y}{section*.29}% 163
\BOOKMARK [2][-]{section*.30}{\376\377\000P\000o\000l\000y\000n\000o\000m\000i\000a\000l\000.\000a\000b\000T\000o\000C\000d\000a\000b\000T\000o\000C\000d}{section*.29}% 164
\BOOKMARK [2][-]{section*.30}{\376\377\000P\000o\000l\000y\000n\000o\000m\000i\000a\000l\000.\000c\000d\000T\000o\000A\000b\000c\000d\000T\000o\000A\000b}{section*.29}% 165
\BOOKMARK [2][-]{section*.30}{\376\377\000P\000o\000l\000y\000n\000o\000m\000i\000a\000l\000.\000s\000t\000r\000i\000p\000s\000t\000r\000i\000p}{section*.29}% 166
\BOOKMARK [2][-]{section*.30}{\376\377\000P\000o\000l\000y\000n\000o\000m\000i\000a\000l\000.\000s\000u\000b\000s\000u\000b}{section*.29}% 167
\BOOKMARK [1][-]{section*.31}{\376\377\000T\000r\000i\000a\000n\000g\000u\000l\000a\000r\000A\000r\000r\000a\000y}{}% 168
\BOOKMARK [2][-]{section*.32}{\376\377\000T\000r\000i\000a\000n\000g\000u\000l\000a\000r\000A\000r\000r\000a\000y\000.\000e\000q\000\137\000\137\000e\000q\000\137\000\137}{section*.31}% 169
\BOOKMARK [2][-]{section*.32}{\376\377\000T\000r\000i\000a\000n\000g\000u\000l\000a\000r\000A\000r\000r\000a\000y\000.\000g\000e\000t\000i\000t\000e\000m\000\137\000\137\000g\000e\000t\000i\000t\000e\000m\000\137\000\137}{section*.31}% 170
\BOOKMARK [2][-]{section*.32}{\376\377\000T\000r\000i\000a\000n\000g\000u\000l\000a\000r\000A\000r\000r\000a\000y\000.\000i\000n\000i\000t\000\137\000\137\000i\000n\000i\000t\000\137\000\137}{section*.31}% 171
\BOOKMARK [2][-]{section*.32}{\376\377\000T\000r\000i\000a\000n\000g\000u\000l\000a\000r\000A\000r\000r\000a\000y\000.\000r\000e\000p\000r\000\137\000\137\000r\000e\000p\000r\000\137\000\137}{section*.31}% 172
\BOOKMARK [2][-]{section*.32}{\376\377\000T\000r\000i\000a\000n\000g\000u\000l\000a\000r\000A\000r\000r\000a\000y\000.\000s\000e\000t\000i\000t\000e\000m\000\137\000\137\000s\000e\000t\000i\000t\000e\000m\000\137\000\137}{section*.31}% 173
\BOOKMARK [2][-]{section*.32}{\376\377\000T\000r\000i\000a\000n\000g\000u\000l\000a\000r\000A\000r\000r\000a\000y\000.\000s\000t\000r\000\137\000\137\000s\000t\000r\000\137\000\137}{section*.31}% 174
\BOOKMARK [2][-]{section*.32}{\376\377\000T\000r\000i\000a\000n\000g\000u\000l\000a\000r\000A\000r\000r\000a\000y\000.\000c\000o\000l\000c\000o\000l}{section*.31}% 175
\BOOKMARK [2][-]{section*.32}{\376\377\000T\000r\000i\000a\000n\000g\000u\000l\000a\000r\000A\000r\000r\000a\000y\000.\000i\000n\000v\000e\000r\000s\000e\000i\000n\000v\000e\000r\000s\000e}{section*.31}% 176
\BOOKMARK [2][-]{section*.32}{\376\377\000T\000r\000i\000a\000n\000g\000u\000l\000a\000r\000A\000r\000r\000a\000y\000.\000r\000e\000v\000t\000r\000a\000n\000s\000p\000o\000s\000e\000r\000e\000v\000t\000r\000a\000n\000s\000p\000o\000s\000e}{section*.31}% 177
\BOOKMARK [2][-]{section*.32}{\376\377\000T\000r\000i\000a\000n\000g\000u\000l\000a\000r\000A\000r\000r\000a\000y\000.\000r\000o\000w\000r\000o\000w}{section*.31}% 178
\BOOKMARK [2][-]{section*.32}{\376\377\000T\000r\000i\000a\000n\000g\000u\000l\000a\000r\000A\000r\000r\000a\000y\000.\000s\000u\000b\000a\000r\000r\000a\000y\000s\000u\000b\000a\000r\000r\000a\000y}{section*.31}% 179
\BOOKMARK [1][-]{section*.33}{\376\377\000Z\000e\000t\000a\000H\000a\000s\000s\000e\000D\000i\000a\000g\000r\000a\000m}{}% 180
\BOOKMARK [2][-]{section*.34}{\376\377\000Z\000e\000t\000a\000H\000a\000s\000s\000e\000D\000i\000a\000g\000r\000a\000m\000.\000i\000n\000i\000t\000\137\000\137\000i\000n\000i\000t\000\137\000\137}{section*.33}% 181
